<?xml version="1.0" encoding="UTF-8"?>
<!-- Generated by org.testng.reporters.JUnitReportReporter -->
<testsuite hostname="136-FREKIH" failures="0" tests="3" name="Button_test" time="0.383" errors="0" timestamp="2020-11-05T15:44:07 CET" skipped="0">
  <testcase classname="Button_test" name="Verify_button_displayed" time="0.135"/>
  <testcase classname="Button_test" name="Verify_button_state" time="0.143"/>
  <testcase classname="Button_test" name="Click_buttons" time="0.105"/>
</testsuite> <!-- Button_test -->
