<?xml version="1.0" encoding="UTF-8"?>
<!-- Generated by org.testng.reporters.JUnitReportReporter -->
<testsuite hostname="136-FREKIH" failures="0" tests="2" name="CSVRead" time="11.998" errors="0" timestamp="2020-11-02T14:24:45 CET" skipped="0">
  <testcase classname="CSVRead" name="forstaTesten" time="1.257"/>
  <testcase classname="CSVRead" name="csvDataRead" time="10.741"/>
</testsuite> <!-- CSVRead -->
