<?xml version="1.0" encoding="UTF-8"?>
<!-- Generated by org.testng.reporters.JUnitReportReporter -->
<testsuite hostname="136-FREKIH" failures="0" tests="5" name="CSVRead" time="18.709" errors="0" timestamp="2020-11-05T16:20:07 CET" skipped="0">
  <testcase classname="CSVRead" name="Click_buttons1" time="0.737"/>
  <testcase classname="CSVRead" name="csvDataRead2" time="10.952"/>
  <testcase classname="CSVRead" name="Screenshot3" time="3.923"/>
  <testcase classname="CSVRead" name="Syns_texten4" time="2.136"/>
  <testcase classname="CSVRead" name="AfterTest_7" time="0.961"/>
</testsuite> <!-- CSVRead -->
