<?xml version="1.0" encoding="UTF-8"?>
<!-- Generated by org.testng.reporters.JUnitReportReporter -->
<testsuite hostname="136-FREKIH" failures="0" tests="3" name="CSVRead" time="7.838" errors="0" timestamp="2020-11-03T12:54:49 CET" skipped="0">
  <testcase classname="CSVRead" name="csvDataRead" time="6.319"/>
  <testcase classname="CSVRead" name="Screenshot" time="0.545"/>
  <testcase classname="CSVRead" name="forstaTesten" time="0.974"/>
</testsuite> <!-- CSVRead -->
