<?xml version="1.0" encoding="UTF-8"?>
<!-- Generated by org.testng.reporters.JUnitReportReporter -->
<testsuite hostname="136-FREKIH" failures="0" tests="2" name="CSVRead" time="7.201" errors="0" timestamp="2020-10-30T16:35:08 CET" skipped="0">
  <testcase classname="CSVRead" name="forstaTesten" time="0.995"/>
  <testcase classname="CSVRead" name="csvDataRead" time="6.206"/>
</testsuite> <!-- CSVRead -->
