<?xml version="1.0" encoding="UTF-8"?>
<!-- Generated by org.testng.reporters.JUnitReportReporter -->
<testsuite hostname="136-FREKIH" failures="0" tests="2" name="CSVRead" time="11.052" errors="0" timestamp="2020-11-03T09:10:19 CET" skipped="0">
  <testcase classname="CSVRead" name="csvDataRead" time="10.290"/>
  <testcase classname="CSVRead" name="forstaTesten" time="0.762"/>
</testsuite> <!-- CSVRead -->
