<?xml version="1.0" encoding="UTF-8"?>
<!-- Generated by org.testng.reporters.JUnitReportReporter -->
<testsuite hostname="136-FREKIH" failures="0" tests="3" name="Button_test" time="0.151" errors="0" timestamp="2020-11-03T15:13:16 CET" skipped="0">
  <testcase classname="Button_test" name="Verify_button_state" time="0.033"/>
  <testcase classname="Button_test" name="Verify_button_displayed" time="0.036"/>
  <testcase classname="Button_test" name="Click_buttons" time="0.082"/>
</testsuite> <!-- Button_test -->
