<?xml version="1.0" encoding="UTF-8"?>
<!-- Generated by org.testng.reporters.JUnitReportReporter -->
<testsuite hostname="136-FREKIH" failures="0" tests="2" name="CSVRead" time="10.652" errors="0" timestamp="2020-11-02T14:01:53 CET" skipped="0">
  <testcase classname="CSVRead" name="forstaTesten" time="1.233"/>
  <testcase classname="CSVRead" name="csvDataRead" time="9.419"/>
</testsuite> <!-- CSVRead -->
