<?xml version="1.0" encoding="UTF-8"?>
<!-- Generated by org.testng.reporters.JUnitReportReporter -->
<testsuite hostname="136-FREKIH" failures="0" tests="2" name="CSVRead" time="13.227" errors="0" timestamp="2020-11-02T15:39:51 CET" skipped="0">
  <testcase classname="CSVRead" name="forstaTesten" time="1.244"/>
  <testcase classname="CSVRead" name="csvDataRead" time="11.983"/>
</testsuite> <!-- CSVRead -->
