<?xml version="1.0" encoding="UTF-8"?>
<!-- Generated by org.testng.reporters.JUnitReportReporter -->
<testsuite hostname="136-FREKIH" failures="0" tests="2" name="CSVRead" time="12.192" errors="0" timestamp="2020-11-02T10:38:26 CET" skipped="0">
  <testcase classname="CSVRead" name="forstaTesten" time="1.346"/>
  <testcase classname="CSVRead" name="csvDataRead" time="10.846"/>
</testsuite> <!-- CSVRead -->
