<?xml version="1.0" encoding="UTF-8"?>
<!-- Generated by org.testng.reporters.JUnitReportReporter -->
<testsuite hostname="136-FREKIH" failures="0" tests="2" name="CSVRead" time="11.737" errors="0" timestamp="2020-11-02T13:45:11 CET" skipped="0">
  <testcase classname="CSVRead" name="forstaTesten" time="1.806"/>
  <testcase classname="CSVRead" name="csvDataRead" time="9.931"/>
</testsuite> <!-- CSVRead -->
