<?xml version="1.0" encoding="UTF-8"?>
<!-- Generated by org.testng.reporters.JUnitReportReporter -->
<testsuite hostname="136-FREKIH" failures="0" tests="4" name="CSVRead" time="15.930" errors="0" timestamp="2020-11-05T15:44:07 CET" skipped="0">
  <testcase classname="CSVRead" name="Click_buttons1" time="0.522"/>
  <testcase classname="CSVRead" name="csvDataRead4" time="10.430"/>
  <testcase classname="CSVRead" name="Screenshot3" time="3.680"/>
  <testcase classname="CSVRead" name="Syns_texten2" time="1.298"/>
</testsuite> <!-- CSVRead -->
