<?xml version="1.0" encoding="UTF-8"?>
<!-- Generated by org.testng.reporters.JUnitReportReporter -->
<testsuite hostname="136-FREKIH" failures="0" tests="3" name="Button_test" time="0.320" errors="0" timestamp="2020-11-05T16:20:07 CET" skipped="0">
  <testcase classname="Button_test" name="Verify_button_displayed51" time="0.085"/>
  <testcase classname="Button_test" name="Verify_button_state52" time="0.138"/>
  <testcase classname="Button_test" name="Click_buttons53" time="0.097"/>
</testsuite> <!-- Button_test -->
