<?xml version="1.0" encoding="UTF-8"?>
<!-- Generated by org.testng.reporters.JUnitReportReporter -->
<testsuite hostname="136-FREKIH" failures="0" tests="4" name="CSVRead" time="7.316" errors="0" timestamp="2020-11-03T15:13:16 CET" skipped="0">
  <testcase classname="CSVRead" name="afterTest" time="0.000"/>
  <testcase classname="CSVRead" name="csvDataRead" time="6.425"/>
  <testcase classname="CSVRead" name="Syns_texten" time="0.070"/>
  <testcase classname="CSVRead" name="Screenshot" time="0.821"/>
</testsuite> <!-- CSVRead -->
