<?xml version="1.0" encoding="UTF-8"?>
<!-- Generated by org.testng.reporters.JUnitReportReporter -->
<testsuite hostname="136-FREKIH" failures="0" tests="2" name="CSVRead" time="12.717" errors="0" timestamp="2020-11-02T15:05:27 CET" skipped="0">
  <testcase classname="CSVRead" name="csvDataRead" time="11.835"/>
  <testcase classname="CSVRead" name="forstaTesten" time="0.882"/>
</testsuite> <!-- CSVRead -->
